<?xml version="1.0" encoding="UTF-8" ?>
<testsuite errors="0" failures="0" hostname="garfield" name="test.com.elezeta.roguecave.UpgradesTest" tests="3" time="0.113" timestamp="2014-01-14T21:42:36">
  <properties>
[...]
</properties>
  <testcase classname="test.com.elezeta.roguecave.UpgradesTest" name="testUpgrades" time="0.0040" />
  <testcase classname="test.com.elezeta.roguecave.UpgradesTest" name="humanUpgradeTest" time="0.01" />
  <testcase classname="test.com.elezeta.roguecave.UpgradesTest" name="humanUpgradeTest2" time="0.0" />
  <system-out><![CDATA[]]></system-out>
  <system-err><![CDATA[]]></system-err>
</testsuite>
